<?xml version="1.0" encoding="UTF-8"?>
<!-- Generated by org.testng.reporters.JUnitReportReporter -->
<testsuite skipped="0" hostname="PRO-IND-592" name="com.inetbanking.testCases.TC_LoginTest_001" tests="1" failures="0" timestamp="15 May 2023 08:32:05 GMT" time="3.563" errors="0">
  <testcase name="loginTest" time="3.563" classname="com.inetbanking.testCases.TC_LoginTest_001"/>
</testsuite> <!-- com.inetbanking.testCases.TC_LoginTest_001 -->
